2023/05/25 17:41:53 INFO  - jmeter.util.JMeterUtils: Setting Locale to en_US 
2023/05/25 17:41:53 INFO  - jmeter.JMeter: Loading user properties from: /usr/share/jmeter/bin/user.properties 
2023/05/25 17:41:53 INFO  - jmeter.JMeter: Loading system properties from: /usr/share/jmeter/bin/system.properties 
2023/05/25 17:41:53 INFO  - jmeter.JMeter: Setting JMeter property: server.rmi.ssl.disable=true 
2023/05/25 17:41:53 INFO  - jmeter.JMeter: Copyright (c) 1998-2015 The Apache Software Foundation 
2023/05/25 17:41:53 INFO  - jmeter.JMeter: Version 2.13.20180731 
2023/05/25 17:41:53 INFO  - jmeter.JMeter: java.version=11.0.19 
2023/05/25 17:41:53 INFO  - jmeter.JMeter: java.vm.name=OpenJDK 64-Bit Server VM 
2023/05/25 17:41:53 INFO  - jmeter.JMeter: os.name=Linux 
2023/05/25 17:41:53 INFO  - jmeter.JMeter: os.arch=amd64 
2023/05/25 17:41:53 INFO  - jmeter.JMeter: os.version=5.15.0-67-generic 
2023/05/25 17:41:53 INFO  - jmeter.JMeter: file.encoding=UTF-8 
2023/05/25 17:41:53 INFO  - jmeter.JMeter: Default Locale=English (United States) 
2023/05/25 17:41:53 INFO  - jmeter.JMeter: JMeter  Locale=English (United States) 
2023/05/25 17:41:53 INFO  - jmeter.JMeter: JMeterHome=/usr/share/jmeter 
2023/05/25 17:41:53 INFO  - jmeter.JMeter: user.dir  =/home/henrique/IST-Tese/actions 
2023/05/25 17:41:53 INFO  - jmeter.JMeter: PWD       =/home/henrique/IST-Tese/actions 
2023/05/25 17:41:53 INFO  - jmeter.JMeter: IP: 127.0.1.1 Name: aspireV5 FullName: aspireV5 
2023/05/25 17:41:54 INFO  - jmeter.gui.action.LookAndFeelCommand: Using look and feel: javax.swing.plaf.metal.MetalLookAndFeel [Metal, CrossPlatform] 
2023/05/25 17:41:54 INFO  - jmeter.JMeter: Loaded icon properties from org/apache/jmeter/images/icon.properties 
2023/05/25 17:41:54 INFO  - jmeter.engine.util.CompoundVariable: Note: Function class names must contain the string: '.functions.' 
2023/05/25 17:41:54 INFO  - jmeter.engine.util.CompoundVariable: Note: Function class names must not contain the string: '.gui.' 
2023/05/25 17:41:55 INFO  - jmeter.util.BSFTestElement: Registering JMeter version of JavaScript engine as work-round for BSF-22 
2023/05/25 17:41:56 INFO  - jmeter.protocol.http.sampler.HTTPSamplerBase: Cannot find .className property for htmlParser, using default 
2023/05/25 17:41:56 INFO  - jmeter.protocol.http.sampler.HTTPSamplerBase: Parser for text/html is  
2023/05/25 17:41:56 INFO  - jmeter.protocol.http.sampler.HTTPSamplerBase: Parser for application/xhtml+xml is  
2023/05/25 17:41:56 INFO  - jmeter.protocol.http.sampler.HTTPSamplerBase: Parser for application/xml is  
2023/05/25 17:41:56 INFO  - jmeter.protocol.http.sampler.HTTPSamplerBase: Parser for text/xml is  
2023/05/25 17:41:56 INFO  - jmeter.protocol.http.sampler.HTTPSamplerBase: Parser for text/vnd.wap.wml is org.apache.jmeter.protocol.http.parser.RegexpHTMLParser 
2023/05/25 17:41:56 INFO  - jmeter.gui.util.MenuFactory: Skipping org.apache.jmeter.protocol.http.modifier.gui.ParamModifierGui 
2023/05/25 17:41:56 INFO  - jorphan.exec.KeyToolUtils: keytool found at 'keytool' 
2023/05/25 17:41:56 INFO  - jmeter.protocol.http.proxy.ProxyControl: HTTP(S) Test Script Recorder SSL Proxy will use keys that support embedded 3rd party resources in file /usr/share/jmeter/bin/proxyserver.jks 
2023/05/25 17:41:56 INFO  - jmeter.samplers.SampleResult: Note: Sample TimeStamps are START times 
2023/05/25 17:41:56 INFO  - jmeter.samplers.SampleResult: sampleresult.default.encoding is set to ISO-8859-1 
2023/05/25 17:41:56 INFO  - jmeter.samplers.SampleResult: sampleresult.useNanoTime=true 
2023/05/25 17:41:56 INFO  - jmeter.samplers.SampleResult: sampleresult.nanoThreadSleep=5000 
2023/05/25 17:42:02 INFO  - jmeter.services.FileServer: Default base='/home/henrique/IST-Tese/actions' 
2023/05/25 17:42:02 INFO  - jmeter.gui.action.Load: Loading file: /home/henrique/IST-Tese/actions/test_sum.jmx 
2023/05/25 17:42:02 INFO  - jmeter.services.FileServer: Set new base='/home/henrique/IST-Tese/actions' 
2023/05/25 17:42:03 INFO  - jmeter.save.SaveService: Testplan (JMX) version: 2.2. Testlog (JTL) version: 2.2 
2023/05/25 17:42:03 INFO  - jmeter.save.SaveService: Using SaveService properties version 2.8 
2023/05/25 17:42:03 INFO  - jmeter.save.SaveService: Using SaveService properties file version 1656252 
2023/05/25 17:42:03 INFO  - jmeter.save.SaveService: Using SaveService properties file encoding UTF-8 
2023/05/25 17:42:03 INFO  - jmeter.save.SaveService: All converter versions present and correct 
2023/05/25 17:42:03 INFO  - jmeter.save.SaveService: Loading file: /home/henrique/IST-Tese/actions/test_sum.jmx 
2023/05/25 17:42:03 INFO  - jmeter.services.FileServer: Set new base='/home/henrique/IST-Tese/actions' 
2023/05/25 17:43:49 INFO  - jmeter.engine.StandardJMeterEngine: Listeners will be started after enabling running version 
2023/05/25 17:43:49 INFO  - jmeter.engine.StandardJMeterEngine: To revert to the earlier behaviour, define jmeterengine.startlistenerslater=false 
2023/05/25 17:43:49 INFO  - jmeter.engine.StandardJMeterEngine: Running the test! 
2023/05/25 17:43:49 INFO  - jmeter.samplers.SampleEvent: List of sample_variables: [] 
2023/05/25 17:43:49 INFO  - jmeter.samplers.SampleEvent: List of sample_variables: [] 
2023/05/25 17:43:49 INFO  - jmeter.gui.util.JMeterMenuBar: setRunning(true,*local*) 
2023/05/25 17:43:49 INFO  - jmeter.engine.StandardJMeterEngine: Starting ThreadGroup: 1 : Thread Group 
2023/05/25 17:43:49 INFO  - jmeter.engine.StandardJMeterEngine: Starting 1 threads for group Thread Group. 
2023/05/25 17:43:49 INFO  - jmeter.engine.StandardJMeterEngine: Thread will continue on error 
2023/05/25 17:43:49 INFO  - jmeter.threads.ThreadGroup: Starting thread group number 1 threads 1 ramp-up 1 perThread 1000.0 delayedStart=false 
2023/05/25 17:43:49 INFO  - jmeter.threads.JMeterThread: jmeterthread.startearlier=true (see jmeter.properties) 
2023/05/25 17:43:49 INFO  - jmeter.threads.JMeterThread: Running PostProcessors in forward order 
2023/05/25 17:43:49 INFO  - jmeter.threads.ThreadGroup: Started thread group number 1 
2023/05/25 17:43:49 INFO  - jmeter.engine.StandardJMeterEngine: All thread groups have been started 
2023/05/25 17:43:49 INFO  - jmeter.threads.JMeterThread: Thread started: Thread Group 1-1 
2023/05/25 17:43:49 INFO  - jmeter.protocol.http.sampler.HTTPHCAbstractImpl: Local host = aspireV5 
2023/05/25 17:43:49 INFO  - jmeter.protocol.http.sampler.HTTPHC4Impl: HTTP request retry count = 0 
2023/05/25 17:43:49 INFO  - jmeter.protocol.http.sampler.HTTPHC4Impl: Setting up HTTPS TrustAll scheme 
2023/05/25 17:43:49 INFO  - jmeter.util.JsseSSLManager: Using default SSL protocol: TLS 
2023/05/25 17:43:49 INFO  - jmeter.util.JsseSSLManager: SSL session context: per-thread 
2023/05/25 17:43:49 INFO  - jmeter.util.SSLManager: JmeterKeyStore Location:  type JKS 
2023/05/25 17:43:49 INFO  - jmeter.util.SSLManager: KeyStore created OK 
2023/05/25 17:43:49 WARN  - jmeter.util.SSLManager: Keystore file not found, loading empty keystore 
2023/05/25 17:43:51 INFO  - jmeter.threads.JMeterThread: Thread is done: Thread Group 1-1 
2023/05/25 17:43:51 INFO  - jmeter.threads.JMeterThread: Thread finished: Thread Group 1-1 
2023/05/25 17:43:51 INFO  - jmeter.engine.StandardJMeterEngine: Notifying test listeners of end of test 
2023/05/25 17:43:51 INFO  - jmeter.gui.util.JMeterMenuBar: setRunning(false,*local*) 
2023/05/25 17:45:47 INFO  - jmeter.engine.StandardJMeterEngine: Running the test! 
2023/05/25 17:45:47 INFO  - jmeter.samplers.SampleEvent: List of sample_variables: [] 
2023/05/25 17:45:47 INFO  - jmeter.gui.util.JMeterMenuBar: setRunning(true,*local*) 
2023/05/25 17:45:47 INFO  - jmeter.engine.StandardJMeterEngine: Starting ThreadGroup: 1 : Thread Group 
2023/05/25 17:45:47 INFO  - jmeter.engine.StandardJMeterEngine: Starting 1 threads for group Thread Group. 
2023/05/25 17:45:47 INFO  - jmeter.engine.StandardJMeterEngine: Thread will continue on error 
2023/05/25 17:45:47 INFO  - jmeter.threads.ThreadGroup: Starting thread group number 1 threads 1 ramp-up 1 perThread 1000.0 delayedStart=false 
2023/05/25 17:45:47 INFO  - jmeter.threads.ThreadGroup: Started thread group number 1 
2023/05/25 17:45:47 INFO  - jmeter.engine.StandardJMeterEngine: All thread groups have been started 
2023/05/25 17:45:47 INFO  - jmeter.threads.JMeterThread: Thread started: Thread Group 1-1 
2023/05/25 17:45:59 INFO  - jmeter.threads.JMeterThread: Thread is done: Thread Group 1-1 
2023/05/25 17:45:59 INFO  - jmeter.threads.JMeterThread: Thread finished: Thread Group 1-1 
2023/05/25 17:45:59 INFO  - jmeter.engine.StandardJMeterEngine: Notifying test listeners of end of test 
2023/05/25 17:45:59 INFO  - jmeter.gui.util.JMeterMenuBar: setRunning(false,*local*) 
2023/05/25 17:46:04 ERROR - jmeter.protocol.http.control.AuthManager: Error parsing auth line: '	23bc46b1-71f6-4ed5-8c54-816aa4f8c502				BASIC_DIGEST' 
2023/05/25 17:46:17 INFO  - jmeter.engine.StandardJMeterEngine: Running the test! 
2023/05/25 17:46:17 INFO  - jmeter.samplers.SampleEvent: List of sample_variables: [] 
2023/05/25 17:46:17 INFO  - jmeter.gui.util.JMeterMenuBar: setRunning(true,*local*) 
2023/05/25 17:46:17 INFO  - jmeter.engine.StandardJMeterEngine: Starting ThreadGroup: 1 : Thread Group 
2023/05/25 17:46:17 INFO  - jmeter.engine.StandardJMeterEngine: Starting 1 threads for group Thread Group. 
2023/05/25 17:46:17 INFO  - jmeter.engine.StandardJMeterEngine: Thread will continue on error 
2023/05/25 17:46:17 INFO  - jmeter.threads.ThreadGroup: Starting thread group number 1 threads 1 ramp-up 1 perThread 1000.0 delayedStart=false 
2023/05/25 17:46:17 INFO  - jmeter.threads.ThreadGroup: Started thread group number 1 
2023/05/25 17:46:17 INFO  - jmeter.engine.StandardJMeterEngine: All thread groups have been started 
2023/05/25 17:46:17 INFO  - jmeter.threads.JMeterThread: Thread started: Thread Group 1-1 
2023/05/25 17:46:20 INFO  - jmeter.gui.action.Start: Stopping test 
2023/05/25 17:46:20 INFO  - jmeter.threads.JMeterThread: Stopping: Thread Group 1-1 
2023/05/25 17:46:20 WARN  - jmeter.threads.JMeterThread: Interrupting: Thread Group 1-1 sampler: HTTP Request 
2023/05/25 17:46:20 WARN  - jmeter.util.JMeterUtils: Interrupted in thread Thread Group 1-1 java.lang.InterruptedException
	at java.base/java.lang.Object.wait(Native Method)
	at java.base/java.lang.Object.wait(Object.java:328)
	at java.desktop/java.awt.EventQueue.invokeAndWait(EventQueue.java:1361)
	at java.desktop/java.awt.EventQueue.invokeAndWait(EventQueue.java:1342)
	at java.desktop/javax.swing.SwingUtilities.invokeAndWait(SwingUtilities.java:1480)
	at org.apache.jmeter.util.JMeterUtils.runSafe(JMeterUtils.java:1322)
	at org.apache.jmeter.visualizers.StatGraphVisualizer.add(StatGraphVisualizer.java:365)
	at org.apache.jmeter.reporters.ResultCollector.sendToVisualizer(ResultCollector.java:595)
	at org.apache.jmeter.reporters.ResultCollector.sampleOccurred(ResultCollector.java:571)
	at org.apache.jmeter.threads.ListenerNotifier.notifyListeners(ListenerNotifier.java:84)
	at org.apache.jmeter.threads.JMeterThread.notifyListeners(JMeterThread.java:796)
	at org.apache.jmeter.threads.JMeterThread.process_sampler(JMeterThread.java:456)
	at org.apache.jmeter.threads.JMeterThread.run(JMeterThread.java:261)
	at java.base/java.lang.Thread.run(Thread.java:829)

2023/05/25 17:46:20 INFO  - jmeter.threads.JMeterThread: Thread finished: Thread Group 1-1 
2023/05/25 17:46:20 INFO  - jmeter.engine.StandardJMeterEngine: Notifying test listeners of end of test 
2023/05/25 17:46:20 INFO  - jmeter.gui.util.JMeterMenuBar: setRunning(false,*local*) 
2023/05/29 02:12:16 INFO  - jmeter.engine.StandardJMeterEngine: Running the test! 
2023/05/29 02:12:16 INFO  - jmeter.samplers.SampleEvent: List of sample_variables: [] 
2023/05/29 02:12:16 INFO  - jmeter.gui.util.JMeterMenuBar: setRunning(true,*local*) 
2023/05/29 02:12:16 INFO  - jmeter.engine.StandardJMeterEngine: Starting ThreadGroup: 1 : Thread Group 
2023/05/29 02:12:16 INFO  - jmeter.engine.StandardJMeterEngine: Starting 1 threads for group Thread Group. 
2023/05/29 02:12:16 INFO  - jmeter.engine.StandardJMeterEngine: Thread will continue on error 
2023/05/29 02:12:16 INFO  - jmeter.threads.ThreadGroup: Starting thread group number 1 threads 1 ramp-up 1 perThread 1000.0 delayedStart=false 
2023/05/29 02:12:16 INFO  - jmeter.threads.ThreadGroup: Started thread group number 1 
2023/05/29 02:12:16 INFO  - jmeter.engine.StandardJMeterEngine: All thread groups have been started 
2023/05/29 02:12:16 INFO  - jmeter.threads.JMeterThread: Thread started: Thread Group 1-1 
2023/05/29 02:12:21 INFO  - jmeter.threads.JMeterThread: Thread is done: Thread Group 1-1 
2023/05/29 02:12:21 INFO  - jmeter.threads.JMeterThread: Thread finished: Thread Group 1-1 
2023/05/29 02:12:21 INFO  - jmeter.engine.StandardJMeterEngine: Notifying test listeners of end of test 
2023/05/29 02:12:21 INFO  - jmeter.gui.util.JMeterMenuBar: setRunning(false,*local*) 
2023/05/29 02:13:11 INFO  - jmeter.engine.StandardJMeterEngine: Running the test! 
2023/05/29 02:13:11 INFO  - jmeter.samplers.SampleEvent: List of sample_variables: [] 
2023/05/29 02:13:11 INFO  - jmeter.gui.util.JMeterMenuBar: setRunning(true,*local*) 
2023/05/29 02:13:11 INFO  - jmeter.engine.StandardJMeterEngine: Starting ThreadGroup: 1 : Thread Group 
2023/05/29 02:13:11 INFO  - jmeter.engine.StandardJMeterEngine: Starting 1 threads for group Thread Group. 
2023/05/29 02:13:11 INFO  - jmeter.engine.StandardJMeterEngine: Thread will continue on error 
2023/05/29 02:13:11 INFO  - jmeter.threads.ThreadGroup: Starting thread group number 1 threads 1 ramp-up 1 perThread 1000.0 delayedStart=false 
2023/05/29 02:13:11 INFO  - jmeter.threads.ThreadGroup: Started thread group number 1 
2023/05/29 02:13:11 INFO  - jmeter.engine.StandardJMeterEngine: All thread groups have been started 
2023/05/29 02:13:11 INFO  - jmeter.threads.JMeterThread: Thread started: Thread Group 1-1 
2023/05/29 02:13:20 INFO  - jmeter.threads.JMeterThread: Thread is done: Thread Group 1-1 
2023/05/29 02:13:20 INFO  - jmeter.threads.JMeterThread: Thread finished: Thread Group 1-1 
2023/05/29 02:13:20 INFO  - jmeter.engine.StandardJMeterEngine: Notifying test listeners of end of test 
2023/05/29 02:13:20 INFO  - jmeter.gui.util.JMeterMenuBar: setRunning(false,*local*) 
2023/06/01 18:15:51 INFO  - jmeter.services.FileServer: Set new base='/home/henrique/IST-Tese/actions' 
2023/06/01 18:15:54 INFO  - jmeter.engine.StandardJMeterEngine: Running the test! 
2023/06/01 18:15:54 INFO  - jmeter.samplers.SampleEvent: List of sample_variables: [] 
2023/06/01 18:15:54 INFO  - jmeter.gui.util.JMeterMenuBar: setRunning(true,*local*) 
2023/06/01 18:15:54 INFO  - jmeter.engine.StandardJMeterEngine: Starting ThreadGroup: 1 : Thread Group 
2023/06/01 18:15:54 INFO  - jmeter.engine.StandardJMeterEngine: Starting 1 threads for group Thread Group. 
2023/06/01 18:15:54 INFO  - jmeter.engine.StandardJMeterEngine: Thread will continue on error 
2023/06/01 18:15:54 INFO  - jmeter.threads.ThreadGroup: Starting thread group number 1 threads 1 ramp-up 1 perThread 1000.0 delayedStart=false 
2023/06/01 18:15:54 INFO  - jmeter.threads.ThreadGroup: Started thread group number 1 
2023/06/01 18:15:54 INFO  - jmeter.engine.StandardJMeterEngine: All thread groups have been started 
2023/06/01 18:15:54 INFO  - jmeter.threads.JMeterThread: Thread started: Thread Group 1-1 
2023/06/01 18:16:15 INFO  - jmeter.threads.JMeterThread: Thread is done: Thread Group 1-1 
2023/06/01 18:16:15 INFO  - jmeter.threads.JMeterThread: Thread finished: Thread Group 1-1 
2023/06/01 18:16:15 INFO  - jmeter.engine.StandardJMeterEngine: Notifying test listeners of end of test 
2023/06/01 18:16:15 INFO  - jmeter.gui.util.JMeterMenuBar: setRunning(false,*local*) 
2023/06/01 18:17:28 INFO  - jmeter.engine.StandardJMeterEngine: Running the test! 
2023/06/01 18:17:28 INFO  - jmeter.samplers.SampleEvent: List of sample_variables: [] 
2023/06/01 18:17:28 INFO  - jmeter.gui.util.JMeterMenuBar: setRunning(true,*local*) 
2023/06/01 18:17:28 INFO  - jmeter.engine.StandardJMeterEngine: Starting ThreadGroup: 1 : Thread Group 
2023/06/01 18:17:28 INFO  - jmeter.engine.StandardJMeterEngine: Starting 1 threads for group Thread Group. 
2023/06/01 18:17:28 INFO  - jmeter.engine.StandardJMeterEngine: Thread will continue on error 
2023/06/01 18:17:28 INFO  - jmeter.threads.ThreadGroup: Starting thread group number 1 threads 1 ramp-up 1 perThread 1000.0 delayedStart=false 
2023/06/01 18:17:28 INFO  - jmeter.threads.ThreadGroup: Started thread group number 1 
2023/06/01 18:17:28 INFO  - jmeter.engine.StandardJMeterEngine: All thread groups have been started 
2023/06/01 18:17:28 INFO  - jmeter.threads.JMeterThread: Thread started: Thread Group 1-1 
2023/06/01 18:17:44 INFO  - jmeter.threads.JMeterThread: Thread is done: Thread Group 1-1 
2023/06/01 18:17:44 INFO  - jmeter.threads.JMeterThread: Thread finished: Thread Group 1-1 
2023/06/01 18:17:44 INFO  - jmeter.engine.StandardJMeterEngine: Notifying test listeners of end of test 
2023/06/01 18:17:44 INFO  - jmeter.gui.util.JMeterMenuBar: setRunning(false,*local*) 
2023/06/01 18:18:21 INFO  - jmeter.engine.StandardJMeterEngine: Running the test! 
2023/06/01 18:18:21 INFO  - jmeter.samplers.SampleEvent: List of sample_variables: [] 
2023/06/01 18:18:21 INFO  - jmeter.gui.util.JMeterMenuBar: setRunning(true,*local*) 
2023/06/01 18:18:21 INFO  - jmeter.engine.StandardJMeterEngine: Starting ThreadGroup: 1 : Thread Group 
2023/06/01 18:18:21 INFO  - jmeter.engine.StandardJMeterEngine: Starting 1 threads for group Thread Group. 
2023/06/01 18:18:21 INFO  - jmeter.engine.StandardJMeterEngine: Thread will continue on error 
2023/06/01 18:18:21 INFO  - jmeter.threads.ThreadGroup: Starting thread group number 1 threads 1 ramp-up 1 perThread 1000.0 delayedStart=false 
2023/06/01 18:18:21 INFO  - jmeter.threads.ThreadGroup: Started thread group number 1 
2023/06/01 18:18:21 INFO  - jmeter.engine.StandardJMeterEngine: All thread groups have been started 
2023/06/01 18:18:21 INFO  - jmeter.threads.JMeterThread: Thread started: Thread Group 1-1 
2023/06/01 18:18:22 INFO  - jmeter.threads.JMeterThread: Thread is done: Thread Group 1-1 
2023/06/01 18:18:22 INFO  - jmeter.threads.JMeterThread: Thread finished: Thread Group 1-1 
2023/06/01 18:18:22 INFO  - jmeter.engine.StandardJMeterEngine: Notifying test listeners of end of test 
2023/06/01 18:18:22 INFO  - jmeter.gui.util.JMeterMenuBar: setRunning(false,*local*) 
2023/06/01 18:18:59 INFO  - jmeter.engine.StandardJMeterEngine: Running the test! 
2023/06/01 18:18:59 INFO  - jmeter.samplers.SampleEvent: List of sample_variables: [] 
2023/06/01 18:18:59 INFO  - jmeter.gui.util.JMeterMenuBar: setRunning(true,*local*) 
2023/06/01 18:18:59 INFO  - jmeter.engine.StandardJMeterEngine: Starting ThreadGroup: 1 : Thread Group 
2023/06/01 18:18:59 INFO  - jmeter.engine.StandardJMeterEngine: Starting 2 threads for group Thread Group. 
2023/06/01 18:18:59 INFO  - jmeter.engine.StandardJMeterEngine: Thread will continue on error 
2023/06/01 18:18:59 INFO  - jmeter.threads.ThreadGroup: Starting thread group number 1 threads 2 ramp-up 1 perThread 500.0 delayedStart=false 
2023/06/01 18:18:59 INFO  - jmeter.threads.ThreadGroup: Started thread group number 1 
2023/06/01 18:18:59 INFO  - jmeter.engine.StandardJMeterEngine: All thread groups have been started 
2023/06/01 18:18:59 INFO  - jmeter.threads.JMeterThread: Thread started: Thread Group 1-1 
2023/06/01 18:18:59 INFO  - jmeter.threads.JMeterThread: Thread started: Thread Group 1-2 
2023/06/01 18:19:15 INFO  - jmeter.threads.JMeterThread: Thread is done: Thread Group 1-1 
2023/06/01 18:19:15 INFO  - jmeter.threads.JMeterThread: Thread finished: Thread Group 1-1 
2023/06/01 18:19:15 INFO  - jmeter.threads.JMeterThread: Thread is done: Thread Group 1-2 
2023/06/01 18:19:15 INFO  - jmeter.threads.JMeterThread: Thread finished: Thread Group 1-2 
2023/06/01 18:19:15 INFO  - jmeter.engine.StandardJMeterEngine: Notifying test listeners of end of test 
2023/06/01 18:19:15 INFO  - jmeter.gui.util.JMeterMenuBar: setRunning(false,*local*) 
2023/06/01 18:19:49 INFO  - jmeter.engine.StandardJMeterEngine: Running the test! 
2023/06/01 18:19:49 INFO  - jmeter.samplers.SampleEvent: List of sample_variables: [] 
2023/06/01 18:19:49 INFO  - jmeter.gui.util.JMeterMenuBar: setRunning(true,*local*) 
2023/06/01 18:19:49 INFO  - jmeter.engine.StandardJMeterEngine: Starting ThreadGroup: 1 : Thread Group 
2023/06/01 18:19:49 INFO  - jmeter.engine.StandardJMeterEngine: Starting 10 threads for group Thread Group. 
2023/06/01 18:19:49 INFO  - jmeter.engine.StandardJMeterEngine: Thread will continue on error 
2023/06/01 18:19:49 INFO  - jmeter.threads.ThreadGroup: Starting thread group number 1 threads 10 ramp-up 1 perThread 100.0 delayedStart=false 
2023/06/01 18:19:49 INFO  - jmeter.threads.JMeterThread: Thread started: Thread Group 1-1 
2023/06/01 18:19:49 INFO  - jmeter.threads.ThreadGroup: Started thread group number 1 
2023/06/01 18:19:49 INFO  - jmeter.engine.StandardJMeterEngine: All thread groups have been started 
2023/06/01 18:19:49 INFO  - jmeter.threads.JMeterThread: Thread started: Thread Group 1-2 
2023/06/01 18:19:49 INFO  - jmeter.threads.JMeterThread: Thread started: Thread Group 1-3 
2023/06/01 18:19:49 INFO  - jmeter.threads.JMeterThread: Thread started: Thread Group 1-4 
2023/06/01 18:19:49 INFO  - jmeter.threads.JMeterThread: Thread started: Thread Group 1-5 
2023/06/01 18:19:49 INFO  - jmeter.threads.JMeterThread: Thread started: Thread Group 1-6 
2023/06/01 18:19:49 INFO  - jmeter.threads.JMeterThread: Thread started: Thread Group 1-7 
2023/06/01 18:19:49 INFO  - jmeter.threads.JMeterThread: Thread started: Thread Group 1-8 
2023/06/01 18:19:50 INFO  - jmeter.threads.JMeterThread: Thread started: Thread Group 1-9 
2023/06/01 18:19:50 INFO  - jmeter.threads.JMeterThread: Thread started: Thread Group 1-10 
2023/06/01 18:19:55 INFO  - jmeter.threads.JMeterThread: Thread is done: Thread Group 1-5 
2023/06/01 18:19:55 INFO  - jmeter.threads.JMeterThread: Thread finished: Thread Group 1-5 
2023/06/01 18:19:56 INFO  - jmeter.threads.JMeterThread: Thread is done: Thread Group 1-6 
2023/06/01 18:19:56 INFO  - jmeter.threads.JMeterThread: Thread finished: Thread Group 1-6 
2023/06/01 18:19:56 INFO  - jmeter.threads.JMeterThread: Thread is done: Thread Group 1-7 
2023/06/01 18:19:56 INFO  - jmeter.threads.JMeterThread: Thread finished: Thread Group 1-7 
2023/06/01 18:19:56 INFO  - jmeter.threads.JMeterThread: Thread is done: Thread Group 1-8 
2023/06/01 18:19:56 INFO  - jmeter.threads.JMeterThread: Thread finished: Thread Group 1-8 
2023/06/01 18:19:56 INFO  - jmeter.threads.JMeterThread: Thread is done: Thread Group 1-1 
2023/06/01 18:19:56 INFO  - jmeter.threads.JMeterThread: Thread finished: Thread Group 1-1 
2023/06/01 18:19:56 INFO  - jmeter.threads.JMeterThread: Thread is done: Thread Group 1-4 
2023/06/01 18:19:56 INFO  - jmeter.threads.JMeterThread: Thread finished: Thread Group 1-4 
2023/06/01 18:19:56 INFO  - jmeter.threads.JMeterThread: Thread is done: Thread Group 1-2 
2023/06/01 18:19:56 INFO  - jmeter.threads.JMeterThread: Thread finished: Thread Group 1-2 
2023/06/01 18:19:57 INFO  - jmeter.threads.JMeterThread: Thread is done: Thread Group 1-3 
2023/06/01 18:19:57 INFO  - jmeter.threads.JMeterThread: Thread finished: Thread Group 1-3 
2023/06/01 18:19:57 INFO  - jmeter.threads.JMeterThread: Thread is done: Thread Group 1-10 
2023/06/01 18:19:57 INFO  - jmeter.threads.JMeterThread: Thread finished: Thread Group 1-10 
2023/06/01 18:19:57 INFO  - jmeter.threads.JMeterThread: Thread is done: Thread Group 1-9 
2023/06/01 18:19:57 INFO  - jmeter.threads.JMeterThread: Thread finished: Thread Group 1-9 
2023/06/01 18:19:57 INFO  - jmeter.engine.StandardJMeterEngine: Notifying test listeners of end of test 
2023/06/01 18:19:57 INFO  - jmeter.gui.util.JMeterMenuBar: setRunning(false,*local*) 
2023/06/01 18:20:09 INFO  - jmeter.engine.StandardJMeterEngine: Running the test! 
2023/06/01 18:20:09 INFO  - jmeter.samplers.SampleEvent: List of sample_variables: [] 
2023/06/01 18:20:09 INFO  - jmeter.gui.util.JMeterMenuBar: setRunning(true,*local*) 
2023/06/01 18:20:09 INFO  - jmeter.engine.StandardJMeterEngine: Starting ThreadGroup: 1 : Thread Group 
2023/06/01 18:20:09 INFO  - jmeter.engine.StandardJMeterEngine: Starting 10 threads for group Thread Group. 
2023/06/01 18:20:09 INFO  - jmeter.engine.StandardJMeterEngine: Thread will continue on error 
2023/06/01 18:20:09 INFO  - jmeter.threads.ThreadGroup: Starting thread group number 1 threads 10 ramp-up 1 perThread 100.0 delayedStart=false 
2023/06/01 18:20:09 INFO  - jmeter.threads.JMeterThread: Thread started: Thread Group 1-1 
2023/06/01 18:20:09 INFO  - jmeter.threads.ThreadGroup: Started thread group number 1 
2023/06/01 18:20:09 INFO  - jmeter.engine.StandardJMeterEngine: All thread groups have been started 
2023/06/01 18:20:09 INFO  - jmeter.threads.JMeterThread: Thread started: Thread Group 1-2 
2023/06/01 18:20:09 INFO  - jmeter.threads.JMeterThread: Thread started: Thread Group 1-3 
2023/06/01 18:20:10 INFO  - jmeter.threads.JMeterThread: Thread started: Thread Group 1-4 
2023/06/01 18:20:10 INFO  - jmeter.threads.JMeterThread: Thread started: Thread Group 1-5 
2023/06/01 18:20:10 INFO  - jmeter.threads.JMeterThread: Thread started: Thread Group 1-6 
2023/06/01 18:20:10 INFO  - jmeter.threads.JMeterThread: Thread started: Thread Group 1-7 
2023/06/01 18:20:10 INFO  - jmeter.threads.JMeterThread: Thread started: Thread Group 1-8 
2023/06/01 18:20:10 INFO  - jmeter.threads.JMeterThread: Thread started: Thread Group 1-9 
2023/06/01 18:20:10 INFO  - jmeter.threads.JMeterThread: Thread started: Thread Group 1-10 
2023/06/01 18:20:19 INFO  - jmeter.threads.JMeterThread: Thread is done: Thread Group 1-1 
2023/06/01 18:20:19 INFO  - jmeter.threads.JMeterThread: Thread finished: Thread Group 1-1 
2023/06/01 18:20:19 INFO  - jmeter.threads.JMeterThread: Thread is done: Thread Group 1-5 
2023/06/01 18:20:19 INFO  - jmeter.threads.JMeterThread: Thread finished: Thread Group 1-5 
2023/06/01 18:20:19 INFO  - jmeter.threads.JMeterThread: Thread is done: Thread Group 1-4 
2023/06/01 18:20:19 INFO  - jmeter.threads.JMeterThread: Thread finished: Thread Group 1-4 
2023/06/01 18:20:19 INFO  - jmeter.threads.JMeterThread: Thread is done: Thread Group 1-6 
2023/06/01 18:20:19 INFO  - jmeter.threads.JMeterThread: Thread finished: Thread Group 1-6 
2023/06/01 18:20:20 INFO  - jmeter.threads.JMeterThread: Thread is done: Thread Group 1-7 
2023/06/01 18:20:20 INFO  - jmeter.threads.JMeterThread: Thread finished: Thread Group 1-7 
2023/06/01 18:20:20 INFO  - jmeter.threads.JMeterThread: Thread is done: Thread Group 1-8 
2023/06/01 18:20:20 INFO  - jmeter.threads.JMeterThread: Thread finished: Thread Group 1-8 
2023/06/01 18:20:20 INFO  - jmeter.threads.JMeterThread: Thread is done: Thread Group 1-9 
2023/06/01 18:20:20 INFO  - jmeter.threads.JMeterThread: Thread finished: Thread Group 1-9 
2023/06/01 18:20:20 INFO  - jmeter.threads.JMeterThread: Thread is done: Thread Group 1-2 
2023/06/01 18:20:20 INFO  - jmeter.threads.JMeterThread: Thread finished: Thread Group 1-2 
2023/06/01 18:20:20 INFO  - jmeter.threads.JMeterThread: Thread is done: Thread Group 1-3 
2023/06/01 18:20:20 INFO  - jmeter.threads.JMeterThread: Thread finished: Thread Group 1-3 
2023/06/01 18:20:20 INFO  - jmeter.threads.JMeterThread: Thread is done: Thread Group 1-10 
2023/06/01 18:20:20 INFO  - jmeter.threads.JMeterThread: Thread finished: Thread Group 1-10 
2023/06/01 18:20:20 INFO  - jmeter.engine.StandardJMeterEngine: Notifying test listeners of end of test 
2023/06/01 18:20:20 INFO  - jmeter.gui.util.JMeterMenuBar: setRunning(false,*local*) 
2023/06/01 18:22:32 INFO  - jmeter.engine.StandardJMeterEngine: Running the test! 
2023/06/01 18:22:32 INFO  - jmeter.samplers.SampleEvent: List of sample_variables: [] 
2023/06/01 18:22:32 INFO  - jmeter.gui.util.JMeterMenuBar: setRunning(true,*local*) 
2023/06/01 18:22:32 INFO  - jmeter.engine.StandardJMeterEngine: Starting ThreadGroup: 1 : Thread Group 
2023/06/01 18:22:32 INFO  - jmeter.engine.StandardJMeterEngine: Starting 10 threads for group Thread Group. 
2023/06/01 18:22:32 INFO  - jmeter.engine.StandardJMeterEngine: Thread will continue on error 
2023/06/01 18:22:32 INFO  - jmeter.threads.ThreadGroup: Starting thread group number 1 threads 10 ramp-up 1 perThread 100.0 delayedStart=false 
2023/06/01 18:22:32 INFO  - jmeter.threads.JMeterThread: Thread started: Thread Group 1-1 
2023/06/01 18:22:32 INFO  - jmeter.threads.ThreadGroup: Started thread group number 1 
2023/06/01 18:22:32 INFO  - jmeter.engine.StandardJMeterEngine: All thread groups have been started 
2023/06/01 18:22:32 INFO  - jmeter.threads.JMeterThread: Thread started: Thread Group 1-2 
2023/06/01 18:22:32 INFO  - jmeter.threads.JMeterThread: Thread started: Thread Group 1-3 
2023/06/01 18:22:32 INFO  - jmeter.threads.JMeterThread: Thread started: Thread Group 1-4 
2023/06/01 18:22:33 INFO  - jmeter.threads.JMeterThread: Thread started: Thread Group 1-5 
2023/06/01 18:22:33 INFO  - jmeter.threads.JMeterThread: Thread started: Thread Group 1-6 
2023/06/01 18:22:33 INFO  - jmeter.threads.JMeterThread: Thread started: Thread Group 1-7 
2023/06/01 18:22:33 INFO  - jmeter.threads.JMeterThread: Thread started: Thread Group 1-8 
2023/06/01 18:22:33 INFO  - jmeter.threads.JMeterThread: Thread started: Thread Group 1-9 
2023/06/01 18:22:33 INFO  - jmeter.threads.JMeterThread: Thread started: Thread Group 1-10 
2023/06/01 18:22:42 INFO  - jmeter.threads.JMeterThread: Thread is done: Thread Group 1-3 
2023/06/01 18:22:42 INFO  - jmeter.threads.JMeterThread: Thread finished: Thread Group 1-3 
2023/06/01 18:22:42 INFO  - jmeter.threads.JMeterThread: Thread is done: Thread Group 1-4 
2023/06/01 18:22:42 INFO  - jmeter.threads.JMeterThread: Thread finished: Thread Group 1-4 
2023/06/01 18:22:42 INFO  - jmeter.threads.JMeterThread: Thread is done: Thread Group 1-5 
2023/06/01 18:22:42 INFO  - jmeter.threads.JMeterThread: Thread finished: Thread Group 1-5 
2023/06/01 18:22:42 INFO  - jmeter.threads.JMeterThread: Thread is done: Thread Group 1-6 
2023/06/01 18:22:42 INFO  - jmeter.threads.JMeterThread: Thread finished: Thread Group 1-6 
2023/06/01 18:22:42 INFO  - jmeter.threads.JMeterThread: Thread is done: Thread Group 1-7 
2023/06/01 18:22:42 INFO  - jmeter.threads.JMeterThread: Thread finished: Thread Group 1-7 
2023/06/01 18:22:42 INFO  - jmeter.threads.JMeterThread: Thread is done: Thread Group 1-8 
2023/06/01 18:22:42 INFO  - jmeter.threads.JMeterThread: Thread finished: Thread Group 1-8 
2023/06/01 18:22:42 INFO  - jmeter.threads.JMeterThread: Thread is done: Thread Group 1-9 
2023/06/01 18:22:42 INFO  - jmeter.threads.JMeterThread: Thread finished: Thread Group 1-9 
2023/06/01 18:22:42 INFO  - jmeter.threads.JMeterThread: Thread is done: Thread Group 1-10 
2023/06/01 18:22:42 INFO  - jmeter.threads.JMeterThread: Thread finished: Thread Group 1-10 
2023/06/01 18:22:43 INFO  - jmeter.threads.JMeterThread: Thread is done: Thread Group 1-1 
2023/06/01 18:22:43 INFO  - jmeter.threads.JMeterThread: Thread finished: Thread Group 1-1 
2023/06/01 18:22:43 INFO  - jmeter.threads.JMeterThread: Thread is done: Thread Group 1-2 
2023/06/01 18:22:43 INFO  - jmeter.threads.JMeterThread: Thread finished: Thread Group 1-2 
2023/06/01 18:22:43 INFO  - jmeter.engine.StandardJMeterEngine: Notifying test listeners of end of test 
2023/06/01 18:22:43 INFO  - jmeter.gui.util.JMeterMenuBar: setRunning(false,*local*) 
2023/06/01 18:22:55 INFO  - jmeter.engine.StandardJMeterEngine: Running the test! 
2023/06/01 18:22:55 INFO  - jmeter.samplers.SampleEvent: List of sample_variables: [] 
2023/06/01 18:22:55 INFO  - jmeter.gui.util.JMeterMenuBar: setRunning(true,*local*) 
2023/06/01 18:22:55 INFO  - jmeter.engine.StandardJMeterEngine: Starting ThreadGroup: 1 : Thread Group 
2023/06/01 18:22:55 INFO  - jmeter.engine.StandardJMeterEngine: Starting 10 threads for group Thread Group. 
2023/06/01 18:22:55 INFO  - jmeter.engine.StandardJMeterEngine: Thread will continue on error 
2023/06/01 18:22:55 INFO  - jmeter.threads.ThreadGroup: Starting thread group number 1 threads 10 ramp-up 1 perThread 100.0 delayedStart=false 
2023/06/01 18:22:55 INFO  - jmeter.threads.JMeterThread: Thread started: Thread Group 1-1 
2023/06/01 18:22:55 INFO  - jmeter.threads.ThreadGroup: Started thread group number 1 
2023/06/01 18:22:55 INFO  - jmeter.engine.StandardJMeterEngine: All thread groups have been started 
2023/06/01 18:22:56 INFO  - jmeter.threads.JMeterThread: Thread started: Thread Group 1-2 
2023/06/01 18:22:56 INFO  - jmeter.threads.JMeterThread: Thread started: Thread Group 1-3 
2023/06/01 18:22:56 INFO  - jmeter.threads.JMeterThread: Thread started: Thread Group 1-4 
2023/06/01 18:22:56 INFO  - jmeter.threads.JMeterThread: Thread started: Thread Group 1-5 
2023/06/01 18:22:56 INFO  - jmeter.threads.JMeterThread: Thread is done: Thread Group 1-1 
2023/06/01 18:22:56 INFO  - jmeter.threads.JMeterThread: Thread finished: Thread Group 1-1 
2023/06/01 18:22:56 INFO  - jmeter.threads.JMeterThread: Thread started: Thread Group 1-6 
2023/06/01 18:22:56 INFO  - jmeter.threads.JMeterThread: Thread is done: Thread Group 1-2 
2023/06/01 18:22:56 INFO  - jmeter.threads.JMeterThread: Thread finished: Thread Group 1-2 
2023/06/01 18:22:56 INFO  - jmeter.threads.JMeterThread: Thread started: Thread Group 1-7 
2023/06/01 18:22:56 INFO  - jmeter.threads.JMeterThread: Thread started: Thread Group 1-8 
2023/06/01 18:22:56 INFO  - jmeter.threads.JMeterThread: Thread started: Thread Group 1-9 
2023/06/01 18:22:56 INFO  - jmeter.threads.JMeterThread: Thread is done: Thread Group 1-3 
2023/06/01 18:22:56 INFO  - jmeter.threads.JMeterThread: Thread finished: Thread Group 1-3 
2023/06/01 18:22:56 INFO  - jmeter.threads.JMeterThread: Thread started: Thread Group 1-10 
2023/06/01 18:22:56 INFO  - jmeter.threads.JMeterThread: Thread is done: Thread Group 1-4 
2023/06/01 18:22:56 INFO  - jmeter.threads.JMeterThread: Thread finished: Thread Group 1-4 
2023/06/01 18:22:57 INFO  - jmeter.threads.JMeterThread: Thread is done: Thread Group 1-5 
2023/06/01 18:22:57 INFO  - jmeter.threads.JMeterThread: Thread finished: Thread Group 1-5 
2023/06/01 18:22:57 INFO  - jmeter.threads.JMeterThread: Thread is done: Thread Group 1-6 
2023/06/01 18:22:57 INFO  - jmeter.threads.JMeterThread: Thread finished: Thread Group 1-6 
2023/06/01 18:22:57 INFO  - jmeter.threads.JMeterThread: Thread is done: Thread Group 1-7 
2023/06/01 18:22:57 INFO  - jmeter.threads.JMeterThread: Thread finished: Thread Group 1-7 
2023/06/01 18:22:57 INFO  - jmeter.threads.JMeterThread: Thread is done: Thread Group 1-9 
2023/06/01 18:22:57 INFO  - jmeter.threads.JMeterThread: Thread finished: Thread Group 1-9 
2023/06/01 18:22:57 INFO  - jmeter.threads.JMeterThread: Thread is done: Thread Group 1-8 
2023/06/01 18:22:57 INFO  - jmeter.threads.JMeterThread: Thread finished: Thread Group 1-8 
2023/06/01 18:22:57 INFO  - jmeter.threads.JMeterThread: Thread is done: Thread Group 1-10 
2023/06/01 18:22:57 INFO  - jmeter.threads.JMeterThread: Thread finished: Thread Group 1-10 
2023/06/01 18:22:57 INFO  - jmeter.engine.StandardJMeterEngine: Notifying test listeners of end of test 
2023/06/01 18:22:57 INFO  - jmeter.gui.util.JMeterMenuBar: setRunning(false,*local*) 
2023/06/01 18:23:05 INFO  - jmeter.engine.StandardJMeterEngine: Running the test! 
2023/06/01 18:23:05 INFO  - jmeter.samplers.SampleEvent: List of sample_variables: [] 
2023/06/01 18:23:05 INFO  - jmeter.gui.util.JMeterMenuBar: setRunning(true,*local*) 
2023/06/01 18:23:05 INFO  - jmeter.engine.StandardJMeterEngine: Starting ThreadGroup: 1 : Thread Group 
2023/06/01 18:23:05 INFO  - jmeter.engine.StandardJMeterEngine: Starting 10 threads for group Thread Group. 
2023/06/01 18:23:05 INFO  - jmeter.engine.StandardJMeterEngine: Thread will continue on error 
2023/06/01 18:23:05 INFO  - jmeter.threads.ThreadGroup: Starting thread group number 1 threads 10 ramp-up 1 perThread 100.0 delayedStart=false 
2023/06/01 18:23:05 INFO  - jmeter.threads.JMeterThread: Thread started: Thread Group 1-1 
2023/06/01 18:23:05 INFO  - jmeter.threads.ThreadGroup: Started thread group number 1 
2023/06/01 18:23:05 INFO  - jmeter.engine.StandardJMeterEngine: All thread groups have been started 
2023/06/01 18:23:05 INFO  - jmeter.threads.JMeterThread: Thread started: Thread Group 1-2 
2023/06/01 18:23:05 INFO  - jmeter.threads.JMeterThread: Thread started: Thread Group 1-3 
2023/06/01 18:23:06 INFO  - jmeter.threads.JMeterThread: Thread started: Thread Group 1-4 
2023/06/01 18:23:06 INFO  - jmeter.threads.JMeterThread: Thread started: Thread Group 1-5 
2023/06/01 18:23:06 INFO  - jmeter.threads.JMeterThread: Thread started: Thread Group 1-6 
2023/06/01 18:23:06 INFO  - jmeter.threads.JMeterThread: Thread started: Thread Group 1-7 
2023/06/01 18:23:06 INFO  - jmeter.threads.JMeterThread: Thread started: Thread Group 1-8 
2023/06/01 18:23:06 INFO  - jmeter.threads.JMeterThread: Thread started: Thread Group 1-9 
2023/06/01 18:23:06 INFO  - jmeter.threads.JMeterThread: Thread started: Thread Group 1-10 
2023/06/01 18:23:15 INFO  - jmeter.threads.JMeterThread: Thread is done: Thread Group 1-3 
2023/06/01 18:23:15 INFO  - jmeter.threads.JMeterThread: Thread finished: Thread Group 1-3 
2023/06/01 18:23:15 INFO  - jmeter.threads.JMeterThread: Thread is done: Thread Group 1-4 
2023/06/01 18:23:15 INFO  - jmeter.threads.JMeterThread: Thread finished: Thread Group 1-4 
2023/06/01 18:23:15 INFO  - jmeter.threads.JMeterThread: Thread is done: Thread Group 1-5 
2023/06/01 18:23:15 INFO  - jmeter.threads.JMeterThread: Thread finished: Thread Group 1-5 
2023/06/01 18:23:15 INFO  - jmeter.threads.JMeterThread: Thread is done: Thread Group 1-6 
2023/06/01 18:23:15 INFO  - jmeter.threads.JMeterThread: Thread finished: Thread Group 1-6 
2023/06/01 18:23:15 INFO  - jmeter.threads.JMeterThread: Thread is done: Thread Group 1-1 
2023/06/01 18:23:15 INFO  - jmeter.threads.JMeterThread: Thread finished: Thread Group 1-1 
2023/06/01 18:23:15 INFO  - jmeter.threads.JMeterThread: Thread is done: Thread Group 1-7 
2023/06/01 18:23:15 INFO  - jmeter.threads.JMeterThread: Thread finished: Thread Group 1-7 
2023/06/01 18:23:15 INFO  - jmeter.threads.JMeterThread: Thread is done: Thread Group 1-8 
2023/06/01 18:23:15 INFO  - jmeter.threads.JMeterThread: Thread finished: Thread Group 1-8 
2023/06/01 18:23:16 INFO  - jmeter.threads.JMeterThread: Thread is done: Thread Group 1-9 
2023/06/01 18:23:16 INFO  - jmeter.threads.JMeterThread: Thread finished: Thread Group 1-9 
2023/06/01 18:23:16 INFO  - jmeter.threads.JMeterThread: Thread is done: Thread Group 1-10 
2023/06/01 18:23:16 INFO  - jmeter.threads.JMeterThread: Thread finished: Thread Group 1-10 
2023/06/01 18:23:16 INFO  - jmeter.threads.JMeterThread: Thread is done: Thread Group 1-2 
2023/06/01 18:23:16 INFO  - jmeter.threads.JMeterThread: Thread finished: Thread Group 1-2 
2023/06/01 18:23:16 INFO  - jmeter.engine.StandardJMeterEngine: Notifying test listeners of end of test 
2023/06/01 18:23:16 INFO  - jmeter.gui.util.JMeterMenuBar: setRunning(false,*local*) 
2023/06/01 18:23:29 INFO  - jmeter.engine.StandardJMeterEngine: Running the test! 
2023/06/01 18:23:29 INFO  - jmeter.samplers.SampleEvent: List of sample_variables: [] 
2023/06/01 18:23:29 INFO  - jmeter.gui.util.JMeterMenuBar: setRunning(true,*local*) 
2023/06/01 18:23:29 INFO  - jmeter.engine.StandardJMeterEngine: Starting ThreadGroup: 1 : Thread Group 
2023/06/01 18:23:29 INFO  - jmeter.engine.StandardJMeterEngine: Starting 10 threads for group Thread Group. 
2023/06/01 18:23:29 INFO  - jmeter.engine.StandardJMeterEngine: Thread will continue on error 
2023/06/01 18:23:29 INFO  - jmeter.threads.ThreadGroup: Starting thread group number 1 threads 10 ramp-up 1 perThread 100.0 delayedStart=false 
2023/06/01 18:23:29 INFO  - jmeter.threads.JMeterThread: Thread started: Thread Group 1-1 
2023/06/01 18:23:29 INFO  - jmeter.threads.ThreadGroup: Started thread group number 1 
2023/06/01 18:23:29 INFO  - jmeter.engine.StandardJMeterEngine: All thread groups have been started 
2023/06/01 18:23:29 INFO  - jmeter.threads.JMeterThread: Thread started: Thread Group 1-2 
2023/06/01 18:23:29 INFO  - jmeter.threads.JMeterThread: Thread started: Thread Group 1-3 
2023/06/01 18:23:29 INFO  - jmeter.threads.JMeterThread: Thread started: Thread Group 1-4 
2023/06/01 18:23:29 INFO  - jmeter.threads.JMeterThread: Thread started: Thread Group 1-5 
2023/06/01 18:23:29 INFO  - jmeter.threads.JMeterThread: Thread started: Thread Group 1-6 
2023/06/01 18:23:29 INFO  - jmeter.threads.JMeterThread: Thread is done: Thread Group 1-1 
2023/06/01 18:23:29 INFO  - jmeter.threads.JMeterThread: Thread finished: Thread Group 1-1 
2023/06/01 18:23:29 INFO  - jmeter.threads.JMeterThread: Thread started: Thread Group 1-7 
2023/06/01 18:23:29 INFO  - jmeter.threads.JMeterThread: Thread started: Thread Group 1-8 
2023/06/01 18:23:29 INFO  - jmeter.threads.JMeterThread: Thread is done: Thread Group 1-2 
2023/06/01 18:23:29 INFO  - jmeter.threads.JMeterThread: Thread finished: Thread Group 1-2 
2023/06/01 18:23:29 INFO  - jmeter.threads.JMeterThread: Thread started: Thread Group 1-9 
2023/06/01 18:23:30 INFO  - jmeter.threads.JMeterThread: Thread started: Thread Group 1-10 
2023/06/01 18:23:30 INFO  - jmeter.threads.JMeterThread: Thread is done: Thread Group 1-3 
2023/06/01 18:23:30 INFO  - jmeter.threads.JMeterThread: Thread finished: Thread Group 1-3 
2023/06/01 18:23:30 INFO  - jmeter.threads.JMeterThread: Thread is done: Thread Group 1-4 
2023/06/01 18:23:30 INFO  - jmeter.threads.JMeterThread: Thread finished: Thread Group 1-4 
2023/06/01 18:23:30 INFO  - jmeter.threads.JMeterThread: Thread is done: Thread Group 1-5 
2023/06/01 18:23:30 INFO  - jmeter.threads.JMeterThread: Thread finished: Thread Group 1-5 
2023/06/01 18:23:30 INFO  - jmeter.threads.JMeterThread: Thread is done: Thread Group 1-6 
2023/06/01 18:23:30 INFO  - jmeter.threads.JMeterThread: Thread finished: Thread Group 1-6 
2023/06/01 18:23:30 INFO  - jmeter.threads.JMeterThread: Thread is done: Thread Group 1-7 
2023/06/01 18:23:30 INFO  - jmeter.threads.JMeterThread: Thread finished: Thread Group 1-7 
2023/06/01 18:23:30 INFO  - jmeter.threads.JMeterThread: Thread is done: Thread Group 1-8 
2023/06/01 18:23:30 INFO  - jmeter.threads.JMeterThread: Thread finished: Thread Group 1-8 
2023/06/01 18:23:30 INFO  - jmeter.threads.JMeterThread: Thread is done: Thread Group 1-9 
2023/06/01 18:23:30 INFO  - jmeter.threads.JMeterThread: Thread finished: Thread Group 1-9 
2023/06/01 18:23:30 INFO  - jmeter.threads.JMeterThread: Thread is done: Thread Group 1-10 
2023/06/01 18:23:30 INFO  - jmeter.threads.JMeterThread: Thread finished: Thread Group 1-10 
2023/06/01 18:23:30 INFO  - jmeter.engine.StandardJMeterEngine: Notifying test listeners of end of test 
2023/06/01 18:23:30 INFO  - jmeter.gui.util.JMeterMenuBar: setRunning(false,*local*) 
2023/06/01 18:23:46 INFO  - jmeter.engine.StandardJMeterEngine: Running the test! 
2023/06/01 18:23:46 INFO  - jmeter.samplers.SampleEvent: List of sample_variables: [] 
2023/06/01 18:23:46 INFO  - jmeter.gui.util.JMeterMenuBar: setRunning(true,*local*) 
2023/06/01 18:23:46 INFO  - jmeter.engine.StandardJMeterEngine: Starting ThreadGroup: 1 : Thread Group 
2023/06/01 18:23:46 INFO  - jmeter.engine.StandardJMeterEngine: Starting 10 threads for group Thread Group. 
2023/06/01 18:23:46 INFO  - jmeter.engine.StandardJMeterEngine: Thread will continue on error 
2023/06/01 18:23:46 INFO  - jmeter.threads.ThreadGroup: Starting thread group number 1 threads 10 ramp-up 1 perThread 100.0 delayedStart=false 
2023/06/01 18:23:46 INFO  - jmeter.threads.JMeterThread: Thread started: Thread Group 1-1 
2023/06/01 18:23:46 INFO  - jmeter.threads.ThreadGroup: Started thread group number 1 
2023/06/01 18:23:46 INFO  - jmeter.engine.StandardJMeterEngine: All thread groups have been started 
2023/06/01 18:23:46 INFO  - jmeter.threads.JMeterThread: Thread started: Thread Group 1-2 
2023/06/01 18:23:46 INFO  - jmeter.threads.JMeterThread: Thread started: Thread Group 1-3 
2023/06/01 18:23:46 INFO  - jmeter.threads.JMeterThread: Thread started: Thread Group 1-4 
2023/06/01 18:23:46 INFO  - jmeter.threads.JMeterThread: Thread started: Thread Group 1-5 
2023/06/01 18:23:46 INFO  - jmeter.threads.JMeterThread: Thread is done: Thread Group 1-1 
2023/06/01 18:23:46 INFO  - jmeter.threads.JMeterThread: Thread finished: Thread Group 1-1 
2023/06/01 18:23:46 INFO  - jmeter.threads.JMeterThread: Thread started: Thread Group 1-6 
2023/06/01 18:23:46 INFO  - jmeter.threads.JMeterThread: Thread started: Thread Group 1-7 
2023/06/01 18:23:47 INFO  - jmeter.threads.JMeterThread: Thread started: Thread Group 1-8 
2023/06/01 18:23:47 INFO  - jmeter.threads.JMeterThread: Thread started: Thread Group 1-9 
2023/06/01 18:23:47 INFO  - jmeter.threads.JMeterThread: Thread is done: Thread Group 1-2 
2023/06/01 18:23:47 INFO  - jmeter.threads.JMeterThread: Thread finished: Thread Group 1-2 
2023/06/01 18:23:47 INFO  - jmeter.threads.JMeterThread: Thread started: Thread Group 1-10 
2023/06/01 18:23:47 INFO  - jmeter.threads.JMeterThread: Thread is done: Thread Group 1-3 
2023/06/01 18:23:47 INFO  - jmeter.threads.JMeterThread: Thread finished: Thread Group 1-3 
2023/06/01 18:23:47 INFO  - jmeter.threads.JMeterThread: Thread is done: Thread Group 1-4 
2023/06/01 18:23:47 INFO  - jmeter.threads.JMeterThread: Thread finished: Thread Group 1-4 
2023/06/01 18:23:47 INFO  - jmeter.threads.JMeterThread: Thread is done: Thread Group 1-5 
2023/06/01 18:23:47 INFO  - jmeter.threads.JMeterThread: Thread finished: Thread Group 1-5 
2023/06/01 18:23:47 INFO  - jmeter.threads.JMeterThread: Thread is done: Thread Group 1-6 
2023/06/01 18:23:47 INFO  - jmeter.threads.JMeterThread: Thread finished: Thread Group 1-6 
2023/06/01 18:23:48 INFO  - jmeter.threads.JMeterThread: Thread is done: Thread Group 1-7 
2023/06/01 18:23:48 INFO  - jmeter.threads.JMeterThread: Thread finished: Thread Group 1-7 
2023/06/01 18:23:48 INFO  - jmeter.threads.JMeterThread: Thread is done: Thread Group 1-8 
2023/06/01 18:23:48 INFO  - jmeter.threads.JMeterThread: Thread finished: Thread Group 1-8 
2023/06/01 18:23:48 INFO  - jmeter.threads.JMeterThread: Thread is done: Thread Group 1-9 
2023/06/01 18:23:48 INFO  - jmeter.threads.JMeterThread: Thread finished: Thread Group 1-9 
2023/06/01 18:23:48 INFO  - jmeter.threads.JMeterThread: Thread is done: Thread Group 1-10 
2023/06/01 18:23:48 INFO  - jmeter.threads.JMeterThread: Thread finished: Thread Group 1-10 
2023/06/01 18:23:48 INFO  - jmeter.engine.StandardJMeterEngine: Notifying test listeners of end of test 
2023/06/01 18:23:48 INFO  - jmeter.gui.util.JMeterMenuBar: setRunning(false,*local*) 
2023/06/01 18:34:13 INFO  - jmeter.engine.StandardJMeterEngine: Running the test! 
2023/06/01 18:34:13 INFO  - jmeter.samplers.SampleEvent: List of sample_variables: [] 
2023/06/01 18:34:13 INFO  - jmeter.gui.util.JMeterMenuBar: setRunning(true,*local*) 
2023/06/01 18:34:13 INFO  - jmeter.engine.StandardJMeterEngine: Starting ThreadGroup: 1 : Thread Group 
2023/06/01 18:34:13 INFO  - jmeter.engine.StandardJMeterEngine: Starting 10 threads for group Thread Group. 
2023/06/01 18:34:13 INFO  - jmeter.engine.StandardJMeterEngine: Thread will continue on error 
2023/06/01 18:34:13 INFO  - jmeter.threads.ThreadGroup: Starting thread group number 1 threads 10 ramp-up 1 perThread 100.0 delayedStart=false 
2023/06/01 18:34:13 INFO  - jmeter.threads.JMeterThread: Thread started: Thread Group 1-1 
2023/06/01 18:34:13 INFO  - jmeter.threads.ThreadGroup: Started thread group number 1 
2023/06/01 18:34:13 INFO  - jmeter.engine.StandardJMeterEngine: All thread groups have been started 
2023/06/01 18:34:13 INFO  - jmeter.threads.JMeterThread: Thread started: Thread Group 1-2 
2023/06/01 18:34:14 INFO  - jmeter.threads.JMeterThread: Thread started: Thread Group 1-3 
2023/06/01 18:34:14 INFO  - jmeter.threads.JMeterThread: Thread started: Thread Group 1-4 
2023/06/01 18:34:14 INFO  - jmeter.threads.JMeterThread: Thread started: Thread Group 1-5 
2023/06/01 18:34:14 INFO  - jmeter.threads.JMeterThread: Thread started: Thread Group 1-6 
2023/06/01 18:34:14 INFO  - jmeter.threads.JMeterThread: Thread started: Thread Group 1-7 
2023/06/01 18:34:14 INFO  - jmeter.threads.JMeterThread: Thread started: Thread Group 1-8 
2023/06/01 18:34:14 INFO  - jmeter.threads.JMeterThread: Thread started: Thread Group 1-9 
2023/06/01 18:34:14 INFO  - jmeter.threads.JMeterThread: Thread started: Thread Group 1-10 
2023/06/01 18:34:25 INFO  - jmeter.threads.JMeterThread: Thread is done: Thread Group 1-4 
2023/06/01 18:34:25 INFO  - jmeter.threads.JMeterThread: Thread finished: Thread Group 1-4 
2023/06/01 18:34:25 INFO  - jmeter.threads.JMeterThread: Thread is done: Thread Group 1-10 
2023/06/01 18:34:25 INFO  - jmeter.threads.JMeterThread: Thread finished: Thread Group 1-10 
2023/06/01 18:34:25 INFO  - jmeter.threads.JMeterThread: Thread is done: Thread Group 1-1 
2023/06/01 18:34:25 INFO  - jmeter.threads.JMeterThread: Thread finished: Thread Group 1-1 
2023/06/01 18:34:25 INFO  - jmeter.threads.JMeterThread: Thread is done: Thread Group 1-2 
2023/06/01 18:34:25 INFO  - jmeter.threads.JMeterThread: Thread finished: Thread Group 1-2 
2023/06/01 18:34:25 INFO  - jmeter.threads.JMeterThread: Thread is done: Thread Group 1-3 
2023/06/01 18:34:25 INFO  - jmeter.threads.JMeterThread: Thread finished: Thread Group 1-3 
2023/06/01 18:34:25 INFO  - jmeter.threads.JMeterThread: Thread is done: Thread Group 1-5 
2023/06/01 18:34:25 INFO  - jmeter.threads.JMeterThread: Thread finished: Thread Group 1-5 
2023/06/01 18:34:26 INFO  - jmeter.threads.JMeterThread: Thread is done: Thread Group 1-6 
2023/06/01 18:34:26 INFO  - jmeter.threads.JMeterThread: Thread finished: Thread Group 1-6 
2023/06/01 18:34:26 INFO  - jmeter.threads.JMeterThread: Thread is done: Thread Group 1-8 
2023/06/01 18:34:26 INFO  - jmeter.threads.JMeterThread: Thread finished: Thread Group 1-8 
2023/06/01 18:34:26 INFO  - jmeter.threads.JMeterThread: Thread is done: Thread Group 1-7 
2023/06/01 18:34:26 INFO  - jmeter.threads.JMeterThread: Thread finished: Thread Group 1-7 
2023/06/01 18:34:26 INFO  - jmeter.threads.JMeterThread: Thread is done: Thread Group 1-9 
2023/06/01 18:34:26 INFO  - jmeter.threads.JMeterThread: Thread finished: Thread Group 1-9 
2023/06/01 18:34:26 INFO  - jmeter.engine.StandardJMeterEngine: Notifying test listeners of end of test 
2023/06/01 18:34:26 INFO  - jmeter.gui.util.JMeterMenuBar: setRunning(false,*local*) 
2023/06/01 18:49:27 INFO  - jmeter.engine.StandardJMeterEngine: Running the test! 
2023/06/01 18:49:27 INFO  - jmeter.samplers.SampleEvent: List of sample_variables: [] 
2023/06/01 18:49:27 INFO  - jmeter.gui.util.JMeterMenuBar: setRunning(true,*local*) 
2023/06/01 18:49:27 INFO  - jmeter.engine.StandardJMeterEngine: Starting ThreadGroup: 1 : Thread Group 
2023/06/01 18:49:27 INFO  - jmeter.engine.StandardJMeterEngine: Starting 2 threads for group Thread Group. 
2023/06/01 18:49:27 INFO  - jmeter.engine.StandardJMeterEngine: Thread will continue on error 
2023/06/01 18:49:27 INFO  - jmeter.threads.ThreadGroup: Starting thread group number 1 threads 2 ramp-up 1 perThread 500.0 delayedStart=false 
2023/06/01 18:49:27 INFO  - jmeter.threads.JMeterThread: Thread started: Thread Group 1-1 
2023/06/01 18:49:27 INFO  - jmeter.threads.ThreadGroup: Started thread group number 1 
2023/06/01 18:49:27 INFO  - jmeter.engine.StandardJMeterEngine: All thread groups have been started 
2023/06/01 18:49:28 INFO  - jmeter.threads.JMeterThread: Thread started: Thread Group 1-2 
2023/06/01 18:49:43 INFO  - jmeter.threads.JMeterThread: Thread is done: Thread Group 1-1 
2023/06/01 18:49:43 INFO  - jmeter.threads.JMeterThread: Thread finished: Thread Group 1-1 
2023/06/01 18:49:45 INFO  - jmeter.threads.JMeterThread: Thread is done: Thread Group 1-2 
2023/06/01 18:49:45 INFO  - jmeter.threads.JMeterThread: Thread finished: Thread Group 1-2 
2023/06/01 18:49:45 INFO  - jmeter.engine.StandardJMeterEngine: Notifying test listeners of end of test 
2023/06/01 18:49:45 INFO  - jmeter.gui.util.JMeterMenuBar: setRunning(false,*local*) 
2023/06/01 18:49:59 INFO  - jmeter.engine.StandardJMeterEngine: Running the test! 
2023/06/01 18:49:59 INFO  - jmeter.samplers.SampleEvent: List of sample_variables: [] 
2023/06/01 18:49:59 INFO  - jmeter.gui.util.JMeterMenuBar: setRunning(true,*local*) 
2023/06/01 18:49:59 INFO  - jmeter.engine.StandardJMeterEngine: Starting ThreadGroup: 1 : Thread Group 
2023/06/01 18:49:59 INFO  - jmeter.engine.StandardJMeterEngine: Starting 5 threads for group Thread Group. 
2023/06/01 18:49:59 INFO  - jmeter.engine.StandardJMeterEngine: Thread will continue on error 
2023/06/01 18:49:59 INFO  - jmeter.threads.ThreadGroup: Starting thread group number 1 threads 5 ramp-up 1 perThread 200.0 delayedStart=false 
2023/06/01 18:49:59 INFO  - jmeter.threads.JMeterThread: Thread started: Thread Group 1-1 
2023/06/01 18:49:59 INFO  - jmeter.threads.ThreadGroup: Started thread group number 1 
2023/06/01 18:49:59 INFO  - jmeter.engine.StandardJMeterEngine: All thread groups have been started 
2023/06/01 18:49:59 INFO  - jmeter.threads.JMeterThread: Thread started: Thread Group 1-2 
2023/06/01 18:49:59 INFO  - jmeter.threads.JMeterThread: Thread started: Thread Group 1-3 
2023/06/01 18:50:00 INFO  - jmeter.threads.JMeterThread: Thread started: Thread Group 1-4 
2023/06/01 18:50:00 INFO  - jmeter.threads.JMeterThread: Thread started: Thread Group 1-5 
2023/06/01 18:50:14 INFO  - jmeter.threads.JMeterThread: Thread is done: Thread Group 1-3 
2023/06/01 18:50:14 INFO  - jmeter.threads.JMeterThread: Thread finished: Thread Group 1-3 
2023/06/01 18:50:15 INFO  - jmeter.threads.JMeterThread: Thread is done: Thread Group 1-5 
2023/06/01 18:50:15 INFO  - jmeter.threads.JMeterThread: Thread finished: Thread Group 1-5 
2023/06/01 18:50:15 INFO  - jmeter.threads.JMeterThread: Thread is done: Thread Group 1-1 
2023/06/01 18:50:15 INFO  - jmeter.threads.JMeterThread: Thread finished: Thread Group 1-1 
2023/06/01 18:50:15 INFO  - jmeter.threads.JMeterThread: Thread is done: Thread Group 1-2 
2023/06/01 18:50:15 INFO  - jmeter.threads.JMeterThread: Thread finished: Thread Group 1-2 
2023/06/01 18:50:16 INFO  - jmeter.threads.JMeterThread: Thread is done: Thread Group 1-4 
2023/06/01 18:50:16 INFO  - jmeter.threads.JMeterThread: Thread finished: Thread Group 1-4 
2023/06/01 18:50:16 INFO  - jmeter.engine.StandardJMeterEngine: Notifying test listeners of end of test 
2023/06/01 18:50:16 INFO  - jmeter.gui.util.JMeterMenuBar: setRunning(false,*local*) 
2023/06/01 18:50:35 INFO  - jmeter.engine.StandardJMeterEngine: Running the test! 
2023/06/01 18:50:35 INFO  - jmeter.samplers.SampleEvent: List of sample_variables: [] 
2023/06/01 18:50:35 INFO  - jmeter.gui.util.JMeterMenuBar: setRunning(true,*local*) 
2023/06/01 18:50:35 INFO  - jmeter.engine.StandardJMeterEngine: Starting ThreadGroup: 1 : Thread Group 
2023/06/01 18:50:35 INFO  - jmeter.engine.StandardJMeterEngine: Starting 1 threads for group Thread Group. 
2023/06/01 18:50:35 INFO  - jmeter.engine.StandardJMeterEngine: Thread will continue on error 
2023/06/01 18:50:35 INFO  - jmeter.threads.ThreadGroup: Starting thread group number 1 threads 1 ramp-up 1 perThread 1000.0 delayedStart=false 
2023/06/01 18:50:35 INFO  - jmeter.threads.ThreadGroup: Started thread group number 1 
2023/06/01 18:50:35 INFO  - jmeter.engine.StandardJMeterEngine: All thread groups have been started 
2023/06/01 18:50:35 INFO  - jmeter.threads.JMeterThread: Thread started: Thread Group 1-1 
2023/06/01 18:50:36 INFO  - jmeter.threads.JMeterThread: Thread is done: Thread Group 1-1 
2023/06/01 18:50:36 INFO  - jmeter.threads.JMeterThread: Thread finished: Thread Group 1-1 
2023/06/01 18:50:36 INFO  - jmeter.engine.StandardJMeterEngine: Notifying test listeners of end of test 
2023/06/01 18:50:36 INFO  - jmeter.gui.util.JMeterMenuBar: setRunning(false,*local*) 
2023/06/01 18:50:46 INFO  - jmeter.engine.StandardJMeterEngine: Running the test! 
2023/06/01 18:50:46 INFO  - jmeter.samplers.SampleEvent: List of sample_variables: [] 
2023/06/01 18:50:46 INFO  - jmeter.gui.util.JMeterMenuBar: setRunning(true,*local*) 
2023/06/01 18:50:47 INFO  - jmeter.engine.StandardJMeterEngine: Starting ThreadGroup: 1 : Thread Group 
2023/06/01 18:50:47 INFO  - jmeter.engine.StandardJMeterEngine: Starting 1 threads for group Thread Group. 
2023/06/01 18:50:47 INFO  - jmeter.engine.StandardJMeterEngine: Thread will continue on error 
2023/06/01 18:50:47 INFO  - jmeter.threads.ThreadGroup: Starting thread group number 1 threads 1 ramp-up 1 perThread 1000.0 delayedStart=false 
2023/06/01 18:50:47 INFO  - jmeter.threads.ThreadGroup: Started thread group number 1 
2023/06/01 18:50:47 INFO  - jmeter.engine.StandardJMeterEngine: All thread groups have been started 
2023/06/01 18:50:47 INFO  - jmeter.threads.JMeterThread: Thread started: Thread Group 1-1 
2023/06/01 18:50:47 INFO  - jmeter.threads.JMeterThread: Thread is done: Thread Group 1-1 
2023/06/01 18:50:47 INFO  - jmeter.threads.JMeterThread: Thread finished: Thread Group 1-1 
2023/06/01 18:50:47 INFO  - jmeter.engine.StandardJMeterEngine: Notifying test listeners of end of test 
2023/06/01 18:50:47 INFO  - jmeter.gui.util.JMeterMenuBar: setRunning(false,*local*) 
2023/06/02 19:58:10 INFO  - jmeter.engine.StandardJMeterEngine: Running the test! 
2023/06/02 19:58:10 INFO  - jmeter.samplers.SampleEvent: List of sample_variables: [] 
2023/06/02 19:58:10 INFO  - jmeter.gui.util.JMeterMenuBar: setRunning(true,*local*) 
2023/06/02 19:58:10 INFO  - jmeter.engine.StandardJMeterEngine: Starting ThreadGroup: 1 : Thread Group 
2023/06/02 19:58:10 INFO  - jmeter.engine.StandardJMeterEngine: Starting 1 threads for group Thread Group. 
2023/06/02 19:58:10 INFO  - jmeter.engine.StandardJMeterEngine: Thread will continue on error 
2023/06/02 19:58:10 INFO  - jmeter.threads.ThreadGroup: Starting thread group number 1 threads 1 ramp-up 1 perThread 1000.0 delayedStart=false 
2023/06/02 19:58:10 INFO  - jmeter.threads.ThreadGroup: Started thread group number 1 
2023/06/02 19:58:10 INFO  - jmeter.engine.StandardJMeterEngine: All thread groups have been started 
2023/06/02 19:58:10 INFO  - jmeter.threads.JMeterThread: Thread started: Thread Group 1-1 
2023/06/02 19:58:13 INFO  - jmeter.threads.JMeterThread: Thread is done: Thread Group 1-1 
2023/06/02 19:58:13 INFO  - jmeter.threads.JMeterThread: Thread finished: Thread Group 1-1 
2023/06/02 19:58:13 INFO  - jmeter.engine.StandardJMeterEngine: Notifying test listeners of end of test 
2023/06/02 19:58:13 INFO  - jmeter.gui.util.JMeterMenuBar: setRunning(false,*local*) 
2023/06/24 02:34:17 INFO  - jmeter.gui.action.Load: Loading file: /home/henrique/IST-Tese/actions/test_delay.jmx 
2023/06/24 02:34:17 INFO  - jmeter.services.FileServer: Set new base='/home/henrique/IST-Tese/actions' 
2023/06/24 02:34:17 INFO  - jmeter.save.SaveService: Loading file: /home/henrique/IST-Tese/actions/test_delay.jmx 
2023/06/24 02:34:17 INFO  - jmeter.services.FileServer: Set new base='/home/henrique/IST-Tese/actions' 
